2025-09-20 14:57:26 [main] INFO  Log - Starting Webdriver...!
2025-09-20 14:57:29 [main] INFO  Log - Navigating the URL...!
2025-09-20 14:57:32 [main] INFO  Log - Starting login test...
2025-09-20 14:57:32 [main] INFO  Log - Adding credentials...
2025-09-20 14:57:37 [main] INFO  Log - Getting page title...
2025-09-20 14:57:37 [main] INFO  Log - Closing Browser...!
2025-09-20 17:37:46 [main] INFO  Log - Starting Webdriver...!
2025-09-20 17:37:48 [main] INFO  Log - Navigating the URL...!
2025-09-20 17:37:49 [main] INFO  Log - Starting login test...
2025-09-20 17:37:49 [main] INFO  Log - Adding credentials...
2025-09-20 17:37:51 [main] INFO  Log - Getting page title...
2025-09-20 17:37:52 [main] INFO  Log - Closing Browser...!
2025-09-20 18:39:53 [main] INFO  Log - Starting Webdriver...!
2025-09-20 18:39:57 [main] INFO  Log - Navigating the URL...!
2025-09-20 18:39:58 [main] INFO  Log - Starting login test...
2025-09-20 18:39:58 [main] INFO  Log - Adding credentials...
2025-09-20 18:40:01 [main] INFO  Log - Getting page title...
2025-09-20 18:40:01 [main] INFO  Log - Closing Browser...!
2025-09-20 18:42:00 [main] INFO  Log - Starting Webdriver...!
2025-09-20 18:42:02 [main] INFO  Log - Navigating the URL...!
2025-09-20 18:42:03 [main] INFO  Log - Starting login test...
2025-09-20 18:42:03 [main] INFO  Log - Adding credentials...
2025-09-20 18:42:07 [main] INFO  Log - Getting page title...
2025-09-20 18:42:08 [main] INFO  Log - Closing Browser...!
2025-09-20 18:44:44 [main] INFO  Log - Starting Webdriver...!
2025-09-20 18:44:47 [main] INFO  Log - Navigating the URL...!
2025-09-20 18:44:48 [main] INFO  Log - Starting login test...
2025-09-20 18:44:48 [main] INFO  Log - Adding credentials...
2025-09-20 18:44:52 [main] INFO  Log - Getting page title...
2025-09-20 18:44:53 [main] INFO  Log - Closing Browser...!
2025-09-20 20:01:24 [main] INFO  Log - Starting Webdriver...!
2025-09-20 20:01:27 [main] INFO  Log - Navigating the URL...!
2025-09-20 20:01:28 [main] INFO  Log - Starting login test...
2025-09-20 20:01:28 [main] INFO  Log - Adding credentials...
2025-09-20 20:01:29 [main] INFO  Log - Getting page title...
2025-09-20 20:01:29 [main] INFO  Log - Closing Browser...!
2025-09-20 20:01:30 [main] INFO  Log - Starting Webdriver...!
2025-09-20 20:01:32 [main] INFO  Log - Navigating the URL...!
2025-09-20 20:01:32 [main] INFO  Log - Starting login test...
2025-09-20 20:01:32 [main] INFO  Log - Adding credentials...
2025-09-20 20:01:34 [main] INFO  Log - Getting page title...
2025-09-20 20:01:34 [main] INFO  Log - Closing Browser...!
2025-09-20 20:01:34 [main] INFO  Log - Starting Webdriver...!
2025-09-20 20:01:35 [main] INFO  Log - Navigating the URL...!
2025-09-20 20:01:36 [main] INFO  Log - Starting login test...
2025-09-20 20:01:36 [main] INFO  Log - Adding credentials...
2025-09-20 20:01:38 [main] INFO  Log - Getting page title...
2025-09-20 20:01:38 [main] INFO  Log - Closing Browser...!
2025-09-21 12:14:26 [main] INFO  Log - Starting Webdriver...!
2025-09-21 12:14:32 [main] INFO  Log - Navigating the URL...!
2025-09-21 12:14:33 [main] INFO  Log - Starting login test...
2025-09-21 12:14:33 [main] INFO  Log - Adding credentials...
2025-09-21 12:14:37 [main] INFO  Log - Getting page title...
2025-09-21 12:14:37 [main] INFO  Log - Closing Browser...!
